九月 02, 2018 2:00:19 下午 org.apache.catalina.startup.ClassLoaderFactory validateFile
警告: Problem with directory [C:\Users\fg\AppData\Local\Temp\cargo\conf\common\classes], exists: [false], isDirectory: [false], canRead: [false]
九月 02, 2018 2:00:20 下午 org.apache.catalina.startup.ClassLoaderFactory validateFile
警告: Problem with directory [C:\Users\fg\AppData\Local\Temp\cargo\conf\common\lib], exists: [false], isDirectory: [false], canRead: [false]
九月 02, 2018 2:00:20 下午 org.apache.catalina.startup.ClassLoaderFactory validateFile
警告: Problem with directory [C:\Users\fg\AppData\Local\Temp\cargo\conf\shared\classes], exists: [false], isDirectory: [false], canRead: [false]
九月 02, 2018 2:00:20 下午 org.apache.catalina.startup.ClassLoaderFactory validateFile
警告: Problem with directory [C:\Users\fg\AppData\Local\Temp\cargo\conf\shared\lib], exists: [false], isDirectory: [false], canRead: [false]
九月 02, 2018 2:00:20 下午 org.apache.catalina.core.AprLifecycleListener init
信息: Loaded APR based Apache Tomcat Native library 1.2.7 using APR version 1.5.2.
九月 02, 2018 2:00:20 下午 org.apache.catalina.core.AprLifecycleListener init
信息: APR capabilities: IPv6 [true], sendfile [true], accept filters [false], random [true].
九月 02, 2018 2:00:20 下午 org.apache.catalina.startup.SetAllPropertiesRule begin
警告: [SetAllPropertiesRule]{Server/Service/Connector} Setting property 'emptySessionPath' to 'true' did not find a matching property.
九月 02, 2018 2:00:21 下午 org.apache.catalina.core.AprLifecycleListener initializeSSL
信息: OpenSSL successfully initialized (OpenSSL 1.0.2h  3 May 2016)
九月 02, 2018 2:00:21 下午 org.apache.coyote.AbstractProtocol init
信息: Initializing ProtocolHandler ["http-apr-8080"]
九月 02, 2018 2:00:21 下午 org.apache.coyote.AbstractProtocol init
信息: Initializing ProtocolHandler ["ajp-apr-8009"]
九月 02, 2018 2:00:21 下午 org.apache.catalina.startup.Catalina load
信息: Initialization processed in 1792 ms
九月 02, 2018 2:00:22 下午 org.apache.catalina.core.StandardService startInternal
信息: Starting service Catalina
九月 02, 2018 2:00:22 下午 org.apache.catalina.core.StandardEngine startInternal
信息: Starting Servlet Engine: Apache Tomcat/7.0.32
九月 02, 2018 2:00:22 下午 org.apache.catalina.startup.HostConfig deployWAR
信息: Deploying web application archive C:\Users\fg\AppData\Local\Temp\cargo\conf\webapps\cargocpc.war
九月 02, 2018 2:00:24 下午 org.apache.catalina.util.SessionIdGenerator createSecureRandom
信息: Creation of SecureRandom instance for session ID generation using [SHA1PRNG] took [399] milliseconds.
九月 02, 2018 2:00:24 下午 org.apache.catalina.startup.HostConfig deployWAR
信息: Deploying web application archive C:\Users\fg\AppData\Local\Temp\cargo\conf\webapps\todo.war
九月 02, 2018 2:00:25 下午 org.apache.catalina.startup.HostConfig deployDirectory
信息: Deploying web application directory C:\Users\fg\AppData\Local\Temp\cargo\conf\webapps\host-manager
九月 02, 2018 2:00:25 下午 org.apache.catalina.startup.HostConfig deployDirectory
信息: Deploying web application directory C:\Users\fg\AppData\Local\Temp\cargo\conf\webapps\manager
九月 02, 2018 2:00:25 下午 org.apache.coyote.AbstractProtocol start
信息: Starting ProtocolHandler ["http-apr-8080"]
九月 02, 2018 2:00:25 下午 org.apache.coyote.AbstractProtocol start
信息: Starting ProtocolHandler ["ajp-apr-8009"]
九月 02, 2018 2:00:25 下午 org.apache.catalina.startup.Catalina start
信息: Server startup in 3430 ms
九月 02, 2018 2:02:00 下午 org.apache.catalina.startup.ClassLoaderFactory validateFile
警告: Problem with directory [C:\Users\fg\AppData\Local\Temp\cargo\conf\common\classes], exists: [false], isDirectory: [false], canRead: [false]
九月 02, 2018 2:02:00 下午 org.apache.catalina.startup.ClassLoaderFactory validateFile
警告: Problem with directory [C:\Users\fg\AppData\Local\Temp\cargo\conf\common\lib], exists: [false], isDirectory: [false], canRead: [false]
九月 02, 2018 2:02:01 下午 org.apache.catalina.startup.ClassLoaderFactory validateFile
警告: Problem with directory [C:\Users\fg\AppData\Local\Temp\cargo\conf\shared\classes], exists: [false], isDirectory: [false], canRead: [false]
九月 02, 2018 2:02:01 下午 org.apache.catalina.startup.ClassLoaderFactory validateFile
警告: Problem with directory [C:\Users\fg\AppData\Local\Temp\cargo\conf\shared\lib], exists: [false], isDirectory: [false], canRead: [false]
九月 02, 2018 2:02:02 下午 org.apache.catalina.startup.Catalina stopServer
严重: Catalina.stop: 
java.net.ConnectException: Connection refused: connect
	at java.net.DualStackPlainSocketImpl.connect0(Native Method)
	at java.net.DualStackPlainSocketImpl.socketConnect(DualStackPlainSocketImpl.java:79)
	at java.net.AbstractPlainSocketImpl.doConnect(AbstractPlainSocketImpl.java:350)
	at java.net.AbstractPlainSocketImpl.connectToAddress(AbstractPlainSocketImpl.java:206)
	at java.net.AbstractPlainSocketImpl.connect(AbstractPlainSocketImpl.java:188)
	at java.net.PlainSocketImpl.connect(PlainSocketImpl.java:172)
	at java.net.SocksSocketImpl.connect(SocksSocketImpl.java:392)
	at java.net.Socket.connect(Socket.java:589)
	at java.net.Socket.connect(Socket.java:538)
	at java.net.Socket.<init>(Socket.java:434)
	at java.net.Socket.<init>(Socket.java:211)
	at org.apache.catalina.startup.Catalina.stopServer(Catalina.java:499)
	at sun.reflect.NativeMethodAccessorImpl.invoke0(Native Method)
	at sun.reflect.NativeMethodAccessorImpl.invoke(NativeMethodAccessorImpl.java:62)
	at sun.reflect.DelegatingMethodAccessorImpl.invoke(DelegatingMethodAccessorImpl.java:43)
	at java.lang.reflect.Method.invoke(Method.java:498)
	at org.apache.catalina.startup.Bootstrap.stopServer(Bootstrap.java:371)
	at org.apache.catalina.startup.Bootstrap.main(Bootstrap.java:453)

